#-----------------------------------------------------------
# Vivado v2021.1 (64-bit)
# SW Build 3247384 on Thu Jun 10 19:36:33 MDT 2021
# IP Build 3246043 on Fri Jun 11 00:30:35 MDT 2021
# Start of session at: Tue Nov 23 15:53:47 2021
# Process ID: 11460
# Current directory: C:/Users/sarto/practico_move
# Command line: vivado.exe -gui_launcher_event rodinguilauncherevent3616 C:\Users\sarto\practico_move\practico_move.xpr
# Log file: C:/Users/sarto/practico_move/vivado.log
# Journal file: C:/Users/sarto/practico_move\vivado.jou
#-----------------------------------------------------------
start_gui
open_project C:/Users/sarto/practico_move/practico_move.xpr
WARNING: [filemgmt 56-3] Default IP Output Path : Could not find the directory 'C:/Users/sarto/practico_move/practico_move.gen/sources_1'.
Scanning sources...
Finished scanning sources
INFO: [IP_Flow 19-234] Refreshing IP repositories
INFO: [IP_Flow 19-1704] No user IP repositories specified
INFO: [IP_Flow 19-2313] Loaded Vivado IP repository 'D:/Xilinx/Vivado/2021.1/data/ip'.
open_project: Time (s): cpu = 00:00:12 ; elapsed = 00:00:07 . Memory (MB): peak = 1198.734 ; gain = 0.000
update_compile_order -fileset sources_1
exit
INFO: [Common 17-206] Exiting Vivado at Tue Nov 23 15:56:50 2021...
